#
# There is insufficient memory for the Java Runtime Environment to continue.
# Native memory allocation (malloc) failed to allocate 259264 bytes for Chunk::new
# Possible reasons:
#   The system is out of physical RAM or swap space
#   The process is running with CompressedOops enabled, and the Java Heap may be blocking the growth of the native heap
# Possible solutions:
#   Reduce memory load on the system
#   Increase physical memory or swap space
#   Check if swap backing store is full
#   Decrease Java heap size (-Xmx/-Xms)
#   Decrease number of Java threads
#   Decrease Java thread stack sizes (-Xss)
#   Set larger code cache with -XX:ReservedCodeCacheSize=
#   JVM is running with Unscaled Compressed Oops mode in which the Java heap is
#     placed in the first 4GB address space. The Java Heap base address is the
#     maximum limit for the native heap growth. Please use -XX:HeapBaseMinAddress
#     to set the Java Heap base and to place the Java Heap above 4GB virtual address.
# This output file may be truncated or incomplete.
#
#  Out of Memory Error (arena.cpp:184), pid=7648, tid=25556
#
# JRE version: Java(TM) SE Runtime Environment (19.0.1+10) (build 19.0.1+10-21)
# Java VM: Java HotSpot(TM) 64-Bit Server VM (19.0.1+10-21, mixed mode, sharing, tiered, compressed oops, compressed class ptrs, g1 gc, windows-amd64)
# No core dump will be written. Minidumps are not enabled by default on client versions of Windows
#

---------------  S U M M A R Y ------------

Command Line: -Dfile.encoding=UTF-8 -XX:+ShowCodeDetailsInExceptionMessages CDP.NetworkMethod1

Host: Intel(R) Core(TM) i7-6820HQ CPU @ 2.70GHz, 8 cores, 7G,  Windows 10 , 64 bit Build 19041 (10.0.19041.3155)
Time: Tue Sep  5 10:17:53 2023 India Standard Time elapsed time: 4.940318 seconds (0d 0h 0m 4s)

---------------  T H R E A D  ---------------

Current thread (0x0000023c5069b380):  JavaThread "C2 CompilerThread0" daemon [_thread_in_native, id=25556, stack(0x00000078d9f00000,0x00000078da000000)]


Current CompileTask:
C2:   4940 1778       4       org.openqa.selenium.json.JsonInput::peek (288 bytes)

Stack: [0x00000078d9f00000,0x00000078da000000]
Native frames: (J=compiled Java code, j=interpreted, Vv=VM code, C=native code)
V  [jvm.dll+0x6ee8fa]
V  [jvm.dll+0x857a1e]
V  [jvm.dll+0x85940e]
V  [jvm.dll+0x859ac3]
V  [jvm.dll+0x28291f]
V  [jvm.dll+0xc9b5f]
V  [jvm.dll+0xc9ee5]
V  [jvm.dll+0x3bcbac]
V  [jvm.dll+0x386201]
V  [jvm.dll+0x38567a]
V  [jvm.dll+0x24c2c9]
V  [jvm.dll+0x24b671]
V  [jvm.dll+0x1d6d61]
V  [jvm.dll+0x25b0fa]
V  [jvm.dll+0x259588]
V  [jvm.dll+0x807928]
V  [jvm.dll+0x8015fa]
V  [jvm.dll+0x6ed5eb]
C  [ucrtbase.dll+0x21bb2]
C  [KERNEL32.DLL+0x17614]
C  [ntdll.dll+0x526b1]


---------------  P R O C E S S  ---------------

Threads class SMR info:
_java_thread_list=0x0000023c55b57500, length=42, elements={
0x0000023c31e922b0, 0x0000023c5068cec0, 0x0000023c5068e5f0, 0x0000023c50691470,
0x0000023c50693eb0, 0x0000023c50695120, 0x0000023c506964d0, 0x0000023c5069b380,
0x0000023c506b16e0, 0x0000023c506c2970, 0x0000023c548f2280, 0x0000023c548f47b0,
0x0000023c548f27d0, 0x0000023c548f17e0, 0x0000023c548f2d20, 0x0000023c548f4d00,
0x0000023c548f1d30, 0x0000023c548f3270, 0x0000023c548f3d10, 0x0000023c548f37c0,
0x0000023c548f4260, 0x0000023c55a43580, 0x0000023c55a46000, 0x0000023c55a43030,
0x0000023c55a43ad0, 0x0000023c55a44020, 0x0000023c55a405b0, 0x0000023c55a41050,
0x0000023c55a47a90, 0x0000023c55a45010, 0x0000023c55a46ff0, 0x0000023c55a42040,
0x0000023c55a41af0, 0x0000023c55a415a0, 0x0000023c55a44570, 0x0000023c55a40b00,
0x0000023c55a42590, 0x0000023c55a44ac0, 0x0000023c55a46550, 0x0000023c55a42ae0,
0x0000023c55a45560, 0x0000023c55a45ab0
}

Java Threads: ( => current thread )
  0x0000023c31e922b0 JavaThread "Forwarding get on session a182d1c756a1303d8e3c725b2adc9fbc to remote" [_thread_blocked, id=21512, stack(0x00000078d9200000,0x00000078d9300000)]
  0x0000023c5068cec0 JavaThread "Reference Handler" daemon [_thread_blocked, id=3492, stack(0x00000078d9900000,0x00000078d9a00000)]
  0x0000023c5068e5f0 JavaThread "Finalizer" daemon [_thread_blocked, id=15432, stack(0x00000078d9a00000,0x00000078d9b00000)]
  0x0000023c50691470 JavaThread "Signal Dispatcher" daemon [_thread_blocked, id=8988, stack(0x00000078d9b00000,0x00000078d9c00000)]
  0x0000023c50693eb0 JavaThread "Attach Listener" daemon [_thread_blocked, id=14240, stack(0x00000078d9c00000,0x00000078d9d00000)]
  0x0000023c50695120 JavaThread "Service Thread" daemon [_thread_blocked, id=19052, stack(0x00000078d9d00000,0x00000078d9e00000)]
  0x0000023c506964d0 JavaThread "Monitor Deflation Thread" daemon [_thread_blocked, id=17084, stack(0x00000078d9e00000,0x00000078d9f00000)]
=>0x0000023c5069b380 JavaThread "C2 CompilerThread0" daemon [_thread_in_native, id=25556, stack(0x00000078d9f00000,0x00000078da000000)]
  0x0000023c506b16e0 JavaThread "C1 CompilerThread0" daemon [_thread_in_vm, id=22048, stack(0x00000078da000000,0x00000078da100000)]
  0x0000023c506c2970 JavaThread "Sweeper thread" daemon [_thread_blocked, id=19380, stack(0x00000078da100000,0x00000078da200000)]
  0x0000023c548f2280 JavaThread "Notification Thread" daemon [_thread_blocked, id=4824, stack(0x00000078da200000,0x00000078da300000)]
  0x0000023c548f47b0 JavaThread "Common-Cleaner" daemon [_thread_blocked, id=3516, stack(0x00000078da400000,0x00000078da500000)]
  0x0000023c548f27d0 JavaThread "ForkJoinPool.commonPool-worker-1" daemon [_thread_blocked, id=24152, stack(0x00000078da500000,0x00000078da600000)]
  0x0000023c548f17e0 JavaThread "AsyncHttpClient-1-1" daemon [_thread_blocked, id=13572, stack(0x00000078da600000,0x00000078da700000)]
  0x0000023c548f2d20 JavaThread "Exec Default Executor" daemon [_thread_in_native, id=9540, stack(0x00000078dae00000,0x00000078daf00000)]
  0x0000023c548f4d00 JavaThread "Exec Stream Pumper" daemon [_thread_in_native, id=14028, stack(0x00000078daf00000,0x00000078db000000)]
  0x0000023c548f1d30 JavaThread "Exec Stream Pumper" daemon [_thread_in_native, id=17948, stack(0x00000078db000000,0x00000078db100000)]
  0x0000023c548f3270 JavaThread "Driver Service Executor" daemon [_thread_blocked, id=23628, stack(0x00000078db100000,0x00000078db200000)]
  0x0000023c548f3d10 JavaThread "Driver Service Executor" daemon [_thread_blocked, id=20060, stack(0x00000078db200000,0x00000078db300000)]
  0x0000023c548f37c0 JavaThread "UrlChecker-2" daemon [_thread_blocked, id=2588, stack(0x00000078db300000,0x00000078db400000)]
  0x0000023c548f4260 JavaThread "Keep-Alive-Timer" daemon [_thread_blocked, id=11908, stack(0x00000078db500000,0x00000078db600000)]
  0x0000023c55a43580 JavaThread "AsyncHttpClient-1-2" daemon [_thread_in_native, id=22776, stack(0x00000078db600000,0x00000078db700000)]
  0x0000023c55a46000 JavaThread "AsyncHttpClient-1-3" daemon [_thread_in_native, id=21000, stack(0x00000078db700000,0x00000078db800000)]
  0x0000023c55a43030 JavaThread "AsyncHttpClient-1-4" daemon [_thread_in_native, id=22872, stack(0x00000078db800000,0x00000078db900000)]
  0x0000023c55a43ad0 JavaThread "CDP Connection" daemon [_thread_blocked, id=20108, stack(0x00000078db900000,0x00000078dba00000)]
  0x0000023c55a44020 JavaThread "CDP Connection" daemon [_thread_blocked, id=22560, stack(0x00000078dba00000,0x00000078dbb00000)]
  0x0000023c55a405b0 JavaThread "CDP Connection" daemon [_thread_blocked, id=25500, stack(0x00000078dbb00000,0x00000078dbc00000)]
  0x0000023c55a41050 JavaThread "CDP Connection" daemon [_thread_blocked, id=14280, stack(0x00000078dbc00000,0x00000078dbd00000)]
  0x0000023c55a47a90 JavaThread "CDP Connection" daemon [_thread_blocked, id=23460, stack(0x00000078dbd00000,0x00000078dbe00000)]
  0x0000023c55a45010 JavaThread "CDP Connection" daemon [_thread_blocked, id=22040, stack(0x00000078dbe00000,0x00000078dbf00000)]
  0x0000023c55a46ff0 JavaThread "CDP Connection" daemon [_thread_blocked, id=11108, stack(0x00000078dbf00000,0x00000078dc000000)]
  0x0000023c55a42040 JavaThread "CDP Connection" daemon [_thread_blocked, id=14880, stack(0x00000078dc000000,0x00000078dc100000)]
  0x0000023c55a41af0 JavaThread "CDP Connection" daemon [_thread_blocked, id=15556, stack(0x00000078dc100000,0x00000078dc200000)]
  0x0000023c55a415a0 JavaThread "CDP Connection" daemon [_thread_blocked, id=23676, stack(0x00000078dc200000,0x00000078dc300000)]
  0x0000023c55a44570 JavaThread "CDP Connection" daemon [_thread_blocked, id=24800, stack(0x00000078dc300000,0x00000078dc400000)]
  0x0000023c55a40b00 JavaThread "CDP Connection" daemon [_thread_blocked, id=20196, stack(0x00000078dc400000,0x00000078dc500000)]
  0x0000023c55a42590 JavaThread "CDP Connection" daemon [_thread_blocked, id=14772, stack(0x00000078dc500000,0x00000078dc600000)]
  0x0000023c55a44ac0 JavaThread "CDP Connection" daemon [_thread_blocked, id=14976, stack(0x00000078dc600000,0x00000078dc700000)]
  0x0000023c55a46550 JavaThread "CDP Connection" daemon [_thread_blocked, id=21052, stack(0x00000078dc700000,0x00000078dc800000)]
  0x0000023c55a42ae0 JavaThread "CDP Connection" daemon [_thread_blocked, id=19508, stack(0x00000078dc800000,0x00000078dc900000)]
  0x0000023c55a45560 JavaThread "CDP Connection" daemon [_thread_blocked, id=17748, stack(0x00000078dc900000,0x00000078dca00000)]
  0x0000023c55a45ab0 JavaThread "CDP Connection" daemon [_thread_blocked, id=22672, stack(0x00000078dca00000,0x00000078dcb00000)]

Other Threads:
  0x0000023c5066f580 VMThread "VM Thread" [stack: 0x00000078d9800000,0x00000078d9900000] [id=24168]
  0x0000023c548f9bc0 WatcherThread "VM Periodic Task Thread" [stack: 0x00000078da300000,0x00000078da400000] [id=19944]
  0x0000023c31ef46d0 WorkerThread "GC Thread#0" [stack: 0x00000078d9300000,0x00000078d9400000] [id=7652]
  0x0000023c557f5440 WorkerThread "GC Thread#1" [stack: 0x00000078da700000,0x00000078da800000] [id=13008]
  0x0000023c557f5710 WorkerThread "GC Thread#2" [stack: 0x00000078da800000,0x00000078da900000] [id=20252]
  0x0000023c5588c4b0 WorkerThread "GC Thread#3" [stack: 0x00000078da900000,0x00000078daa00000] [id=23340]
  0x0000023c5588d8b0 WorkerThread "GC Thread#4" [stack: 0x00000078daa00000,0x00000078dab00000] [id=9136]
  0x0000023c5588cd70 WorkerThread "GC Thread#5" [stack: 0x00000078dab00000,0x00000078dac00000] [id=16680]
  0x0000023c5588db80 WorkerThread "GC Thread#6" [stack: 0x00000078dac00000,0x00000078dad00000] [id=4040]
  0x0000023c5588caa0 WorkerThread "GC Thread#7" [stack: 0x00000078dad00000,0x00000078dae00000] [id=22924]
  0x0000023c31f06f50 ConcurrentGCThread "G1 Main Marker" [stack: 0x00000078d9400000,0x00000078d9500000] [id=11208]
  0x0000023c31f07890 WorkerThread "G1 Conc#0" [stack: 0x00000078d9500000,0x00000078d9600000] [id=16548]
  0x0000023c5052d120 ConcurrentGCThread "G1 Refine#0" [stack: 0x00000078d9600000,0x00000078d9700000] [id=15428]
  0x0000023c5052e920 ConcurrentGCThread "G1 Service" [stack: 0x00000078d9700000,0x00000078d9800000] [id=6476]

Threads with active compile tasks:
C2 CompilerThread0     5006 1778       4       org.openqa.selenium.json.JsonInput::peek (288 bytes)

VM state: not at safepoint (normal execution)

VM Mutex/Monitor currently owned by a thread: None

Heap address: 0x0000000081a00000, size: 2022 MB, Compressed Oops mode: 32-bit

CDS archive(s) mapped at: [0x0000000800000000-0x0000000800c40000-0x0000000800c40000), size 12845056, SharedBaseAddress: 0x0000000800000000, ArchiveRelocationMode: 0.
Compressed class space mapped at: 0x0000000801000000-0x0000000841000000, reserved size: 1073741824
Narrow klass base: 0x0000000800000000, Narrow klass shift: 0, Narrow klass range: 0x100000000

GC Precious Log:
 CardTable entry size: 512
 Card Set container configuration: InlinePtr #cards 5 size 8 Array Of Cards #cards 12 size 40 Howl #buckets 4 coarsen threshold 1843 Howl Bitmap #cards 512 size 80 coarsen threshold 460 Card regions per heap region 1 cards per card region 2048
 CPUs: 8 total, 8 available
 Memory: 8083M
 Large Page Support: Disabled
 NUMA Support: Disabled
 Compressed Oops: Enabled (32-bit)
 Heap Region Size: 1M
 Heap Min Capacity: 8M
 Heap Initial Capacity: 128M
 Heap Max Capacity: 2022M
 Pre-touch: Disabled
 Parallel Workers: 8
 Concurrent Workers: 2
 Concurrent Refinement Workers: 8
 Periodic GC: Disabled

Heap:
 garbage-first heap   total 131072K, used 15899K [0x0000000081a00000, 0x0000000100000000)
  region size 1024K, 6 young (6144K), 3 survivors (3072K)
 Metaspace       used 17941K, committed 18112K, reserved 1114112K
  class space    used 2124K, committed 2240K, reserved 1048576K

Heap Regions: E=young(eden), S=young(survivor), O=old, HS=humongous(starts), HC=humongous(continues), CS=collection set, F=free, OA=open archive, CA=closed archive, TAMS=top-at-mark-start (previous, next)
|   0|0x0000000081a00000, 0x0000000081b00000, 0x0000000081b00000|100%| O|  |TAMS 0x0000000081a00000, 0x0000000081a00000| Untracked 
|   1|0x0000000081b00000, 0x0000000081c00000, 0x0000000081c00000|100%| O|  |TAMS 0x0000000081b00000, 0x0000000081b00000| Untracked 
|   2|0x0000000081c00000, 0x0000000081d00000, 0x0000000081d00000|100%| O|  |TAMS 0x0000000081c00000, 0x0000000081c00000| Untracked 
|   3|0x0000000081d00000, 0x0000000081e00000, 0x0000000081e00000|100%|HS|  |TAMS 0x0000000081d00000, 0x0000000081d00000| Complete 
|   4|0x0000000081e00000, 0x0000000081f00000, 0x0000000081f00000|100%|HC|  |TAMS 0x0000000081e00000, 0x0000000081e00000| Complete 
|   5|0x0000000081f00000, 0x0000000082000000, 0x0000000082000000|100%|HC|  |TAMS 0x0000000081f00000, 0x0000000081f00000| Complete 
|   6|0x0000000082000000, 0x0000000082100000, 0x0000000082100000|100%|HC|  |TAMS 0x0000000082000000, 0x0000000082000000| Complete 
|   7|0x0000000082100000, 0x0000000082200000, 0x0000000082200000|100%|HC|  |TAMS 0x0000000082100000, 0x0000000082100000| Complete 
|   8|0x0000000082200000, 0x0000000082300000, 0x0000000082300000|100%| O|  |TAMS 0x0000000082200000, 0x0000000082200000| Untracked 
|   9|0x0000000082300000, 0x0000000082400000, 0x0000000082400000|100%| O|  |TAMS 0x0000000082300000, 0x0000000082300000| Untracked 
|  10|0x0000000082400000, 0x00000000824dd000, 0x0000000082500000| 86%| O|  |TAMS 0x0000000082400000, 0x0000000082400000| Untracked 
|  11|0x0000000082500000, 0x0000000082500000, 0x0000000082600000|  0%| F|  |TAMS 0x0000000082500000, 0x0000000082500000| Untracked 
|  12|0x0000000082600000, 0x0000000082600000, 0x0000000082700000|  0%| F|  |TAMS 0x0000000082600000, 0x0000000082600000| Untracked 
|  13|0x0000000082700000, 0x0000000082700000, 0x0000000082800000|  0%| F|  |TAMS 0x0000000082700000, 0x0000000082700000| Untracked 
|  14|0x0000000082800000, 0x0000000082800000, 0x0000000082900000|  0%| F|  |TAMS 0x0000000082800000, 0x0000000082800000| Untracked 
|  15|0x0000000082900000, 0x0000000082900000, 0x0000000082a00000|  0%| F|  |TAMS 0x0000000082900000, 0x0000000082900000| Untracked 
|  16|0x0000000082a00000, 0x0000000082a00000, 0x0000000082b00000|  0%| F|  |TAMS 0x0000000082a00000, 0x0000000082a00000| Untracked 
|  17|0x0000000082b00000, 0x0000000082b00000, 0x0000000082c00000|  0%| F|  |TAMS 0x0000000082b00000, 0x0000000082b00000| Untracked 
|  18|0x0000000082c00000, 0x0000000082c00000, 0x0000000082d00000|  0%| F|  |TAMS 0x0000000082c00000, 0x0000000082c00000| Untracked 
|  19|0x0000000082d00000, 0x0000000082d00000, 0x0000000082e00000|  0%| F|  |TAMS 0x0000000082d00000, 0x0000000082d00000| Untracked 
|  20|0x0000000082e00000, 0x0000000082e00000, 0x0000000082f00000|  0%| F|  |TAMS 0x0000000082e00000, 0x0000000082e00000| Untracked 
|  21|0x0000000082f00000, 0x0000000082f00000, 0x0000000083000000|  0%| F|  |TAMS 0x0000000082f00000, 0x0000000082f00000| Untracked 
|  22|0x0000000083000000, 0x0000000083000000, 0x0000000083100000|  0%| F|  |TAMS 0x0000000083000000, 0x0000000083000000| Untracked 
|  23|0x0000000083100000, 0x0000000083100000, 0x0000000083200000|  0%| F|  |TAMS 0x0000000083100000, 0x0000000083100000| Untracked 
|  24|0x0000000083200000, 0x0000000083200000, 0x0000000083300000|  0%| F|  |TAMS 0x0000000083200000, 0x0000000083200000| Untracked 
|  25|0x0000000083300000, 0x0000000083300000, 0x0000000083400000|  0%| F|  |TAMS 0x0000000083300000, 0x0000000083300000| Untracked 
|  26|0x0000000083400000, 0x0000000083400000, 0x0000000083500000|  0%| F|  |TAMS 0x0000000083400000, 0x0000000083400000| Untracked 
|  27|0x0000000083500000, 0x0000000083500000, 0x0000000083600000|  0%| F|  |TAMS 0x0000000083500000, 0x0000000083500000| Untracked 
|  28|0x0000000083600000, 0x0000000083600000, 0x0000000083700000|  0%| F|  |TAMS 0x0000000083600000, 0x0000000083600000| Untracked 
|  29|0x0000000083700000, 0x0000000083700000, 0x0000000083800000|  0%| F|  |TAMS 0x0000000083700000, 0x0000000083700000| Untracked 
|  30|0x0000000083800000, 0x0000000083800000, 0x0000000083900000|  0%| F|  |TAMS 0x0000000083800000, 0x0000000083800000| Untracked 
|  31|0x0000000083900000, 0x0000000083900000, 0x0000000083a00000|  0%| F|  |TAMS 0x0000000083900000, 0x0000000083900000| Untracked 
|  32|0x0000000083a00000, 0x0000000083a00000, 0x0000000083b00000|  0%| F|  |TAMS 0x0000000083a00000, 0x0000000083a00000| Untracked 
|  33|0x0000000083b00000, 0x0000000083b00000, 0x0000000083c00000|  0%| F|  |TAMS 0x0000000083b00000, 0x0000000083b00000| Untracked 
|  34|0x0000000083c00000, 0x0000000083c00000, 0x0000000083d00000|  0%| F|  |TAMS 0x0000000083c00000, 0x0000000083c00000| Untracked 
|  35|0x0000000083d00000, 0x0000000083d00000, 0x0000000083e00000|  0%| F|  |TAMS 0x0000000083d00000, 0x0000000083d00000| Untracked 
|  36|0x0000000083e00000, 0x0000000083e00000, 0x0000000083f00000|  0%| F|  |TAMS 0x0000000083e00000, 0x0000000083e00000| Untracked 
|  37|0x0000000083f00000, 0x0000000083f00000, 0x0000000084000000|  0%| F|  |TAMS 0x0000000083f00000, 0x0000000083f00000| Untracked 
|  38|0x0000000084000000, 0x0000000084000000, 0x0000000084100000|  0%| F|  |TAMS 0x0000000084000000, 0x0000000084000000| Untracked 
|  39|0x0000000084100000, 0x0000000084100000, 0x0000000084200000|  0%| F|  |TAMS 0x0000000084100000, 0x0000000084100000| Untracked 
|  40|0x0000000084200000, 0x0000000084200000, 0x0000000084300000|  0%| F|  |TAMS 0x0000000084200000, 0x0000000084200000| Untracked 
|  41|0x0000000084300000, 0x0000000084300000, 0x0000000084400000|  0%| F|  |TAMS 0x0000000084300000, 0x0000000084300000| Untracked 
|  42|0x0000000084400000, 0x0000000084400000, 0x0000000084500000|  0%| F|  |TAMS 0x0000000084400000, 0x0000000084400000| Untracked 
|  43|0x0000000084500000, 0x0000000084500000, 0x0000000084600000|  0%| F|  |TAMS 0x0000000084500000, 0x0000000084500000| Untracked 
|  44|0x0000000084600000, 0x0000000084600000, 0x0000000084700000|  0%| F|  |TAMS 0x0000000084600000, 0x0000000084600000| Untracked 
|  45|0x0000000084700000, 0x0000000084700000, 0x0000000084800000|  0%| F|  |TAMS 0x0000000084700000, 0x0000000084700000| Untracked 
|  46|0x0000000084800000, 0x0000000084800000, 0x0000000084900000|  0%| F|  |TAMS 0x0000000084800000, 0x0000000084800000| Untracked 
|  47|0x0000000084900000, 0x0000000084900000, 0x0000000084a00000|  0%| F|  |TAMS 0x0000000084900000, 0x0000000084900000| Untracked 
|  48|0x0000000084a00000, 0x0000000084a00000, 0x0000000084b00000|  0%| F|  |TAMS 0x0000000084a00000, 0x0000000084a00000| Untracked 
|  49|0x0000000084b00000, 0x0000000084b00000, 0x0000000084c00000|  0%| F|  |TAMS 0x0000000084b00000, 0x0000000084b00000| Untracked 
|  50|0x0000000084c00000, 0x0000000084c00000, 0x0000000084d00000|  0%| F|  |TAMS 0x0000000084c00000, 0x0000000084c00000| Untracked 
|  51|0x0000000084d00000, 0x0000000084d00000, 0x0000000084e00000|  0%| F|  |TAMS 0x0000000084d00000, 0x0000000084d00000| Untracked 
|  52|0x0000000084e00000, 0x0000000084e00000, 0x0000000084f00000|  0%| F|  |TAMS 0x0000000084e00000, 0x0000000084e00000| Untracked 
|  53|0x0000000084f00000, 0x0000000084f00000, 0x0000000085000000|  0%| F|  |TAMS 0x0000000084f00000, 0x0000000084f00000| Untracked 
|  54|0x0000000085000000, 0x0000000085000000, 0x0000000085100000|  0%| F|  |TAMS 0x0000000085000000, 0x0000000085000000| Untracked 
|  55|0x0000000085100000, 0x0000000085100000, 0x0000000085200000|  0%| F|  |TAMS 0x0000000085100000, 0x0000000085100000| Untracked 
|  56|0x0000000085200000, 0x0000000085200000, 0x0000000085300000|  0%| F|  |TAMS 0x0000000085200000, 0x0000000085200000| Untracked 
|  57|0x0000000085300000, 0x0000000085300000, 0x0000000085400000|  0%| F|  |TAMS 0x0000000085300000, 0x0000000085300000| Untracked 
|  58|0x0000000085400000, 0x0000000085400000, 0x0000000085500000|  0%| F|  |TAMS 0x0000000085400000, 0x0000000085400000| Untracked 
|  59|0x0000000085500000, 0x0000000085500000, 0x0000000085600000|  0%| F|  |TAMS 0x0000000085500000, 0x0000000085500000| Untracked 
|  60|0x0000000085600000, 0x0000000085600000, 0x0000000085700000|  0%| F|  |TAMS 0x0000000085600000, 0x0000000085600000| Untracked 
|  61|0x0000000085700000, 0x0000000085700000, 0x0000000085800000|  0%| F|  |TAMS 0x0000000085700000, 0x0000000085700000| Untracked 
|  62|0x0000000085800000, 0x0000000085800000, 0x0000000085900000|  0%| F|  |TAMS 0x0000000085800000, 0x0000000085800000| Untracked 
|  63|0x0000000085900000, 0x0000000085900000, 0x0000000085a00000|  0%| F|  |TAMS 0x0000000085900000, 0x0000000085900000| Untracked 
|  64|0x0000000085a00000, 0x0000000085a00000, 0x0000000085b00000|  0%| F|  |TAMS 0x0000000085a00000, 0x0000000085a00000| Untracked 
|  65|0x0000000085b00000, 0x0000000085b00000, 0x0000000085c00000|  0%| F|  |TAMS 0x0000000085b00000, 0x0000000085b00000| Untracked 
|  66|0x0000000085c00000, 0x0000000085c00000, 0x0000000085d00000|  0%| F|  |TAMS 0x0000000085c00000, 0x0000000085c00000| Untracked 
|  67|0x0000000085d00000, 0x0000000085d00000, 0x0000000085e00000|  0%| F|  |TAMS 0x0000000085d00000, 0x0000000085d00000| Untracked 
|  68|0x0000000085e00000, 0x0000000085e00000, 0x0000000085f00000|  0%| F|  |TAMS 0x0000000085e00000, 0x0000000085e00000| Untracked 
|  69|0x0000000085f00000, 0x0000000085f00000, 0x0000000086000000|  0%| F|  |TAMS 0x0000000085f00000, 0x0000000085f00000| Untracked 
|  70|0x0000000086000000, 0x0000000086000000, 0x0000000086100000|  0%| F|  |TAMS 0x0000000086000000, 0x0000000086000000| Untracked 
|  71|0x0000000086100000, 0x0000000086100000, 0x0000000086200000|  0%| F|  |TAMS 0x0000000086100000, 0x0000000086100000| Untracked 
|  72|0x0000000086200000, 0x0000000086200000, 0x0000000086300000|  0%| F|  |TAMS 0x0000000086200000, 0x0000000086200000| Untracked 
|  73|0x0000000086300000, 0x0000000086300000, 0x0000000086400000|  0%| F|  |TAMS 0x0000000086300000, 0x0000000086300000| Untracked 
|  74|0x0000000086400000, 0x0000000086400000, 0x0000000086500000|  0%| F|  |TAMS 0x0000000086400000, 0x0000000086400000| Untracked 
|  75|0x0000000086500000, 0x0000000086500000, 0x0000000086600000|  0%| F|  |TAMS 0x0000000086500000, 0x0000000086500000| Untracked 
|  76|0x0000000086600000, 0x0000000086600000, 0x0000000086700000|  0%| F|  |TAMS 0x0000000086600000, 0x0000000086600000| Untracked 
|  77|0x0000000086700000, 0x0000000086700000, 0x0000000086800000|  0%| F|  |TAMS 0x0000000086700000, 0x0000000086700000| Untracked 
|  78|0x0000000086800000, 0x0000000086800000, 0x0000000086900000|  0%| F|  |TAMS 0x0000000086800000, 0x0000000086800000| Untracked 
|  79|0x0000000086900000, 0x0000000086900000, 0x0000000086a00000|  0%| F|  |TAMS 0x0000000086900000, 0x0000000086900000| Untracked 
|  80|0x0000000086a00000, 0x0000000086a00000, 0x0000000086b00000|  0%| F|  |TAMS 0x0000000086a00000, 0x0000000086a00000| Untracked 
|  81|0x0000000086b00000, 0x0000000086b00000, 0x0000000086c00000|  0%| F|  |TAMS 0x0000000086b00000, 0x0000000086b00000| Untracked 
|  82|0x0000000086c00000, 0x0000000086c00000, 0x0000000086d00000|  0%| F|  |TAMS 0x0000000086c00000, 0x0000000086c00000| Untracked 
|  83|0x0000000086d00000, 0x0000000086d00000, 0x0000000086e00000|  0%| F|  |TAMS 0x0000000086d00000, 0x0000000086d00000| Untracked 
|  84|0x0000000086e00000, 0x0000000086e00000, 0x0000000086f00000|  0%| F|  |TAMS 0x0000000086e00000, 0x0000000086e00000| Untracked 
|  85|0x0000000086f00000, 0x0000000086f00000, 0x0000000087000000|  0%| F|  |TAMS 0x0000000086f00000, 0x0000000086f00000| Untracked 
|  86|0x0000000087000000, 0x0000000087000000, 0x0000000087100000|  0%| F|  |TAMS 0x0000000087000000, 0x0000000087000000| Untracked 
|  87|0x0000000087100000, 0x0000000087100000, 0x0000000087200000|  0%| F|  |TAMS 0x0000000087100000, 0x0000000087100000| Untracked 
|  88|0x0000000087200000, 0x0000000087200000, 0x0000000087300000|  0%| F|  |TAMS 0x0000000087200000, 0x0000000087200000| Untracked 
|  89|0x0000000087300000, 0x0000000087300000, 0x0000000087400000|  0%| F|  |TAMS 0x0000000087300000, 0x0000000087300000| Untracked 
|  90|0x0000000087400000, 0x0000000087400000, 0x0000000087500000|  0%| F|  |TAMS 0x0000000087400000, 0x0000000087400000| Untracked 
|  91|0x0000000087500000, 0x0000000087500000, 0x0000000087600000|  0%| F|  |TAMS 0x0000000087500000, 0x0000000087500000| Untracked 
|  92|0x0000000087600000, 0x0000000087600000, 0x0000000087700000|  0%| F|  |TAMS 0x0000000087600000, 0x0000000087600000| Untracked 
|  93|0x0000000087700000, 0x0000000087700000, 0x0000000087800000|  0%| F|  |TAMS 0x0000000087700000, 0x0000000087700000| Untracked 
|  94|0x0000000087800000, 0x00000000878a9c80, 0x0000000087900000| 66%| S|CS|TAMS 0x0000000087800000, 0x0000000087800000| Complete 
|  95|0x0000000087900000, 0x0000000087a00000, 0x0000000087a00000|100%| S|CS|TAMS 0x0000000087900000, 0x0000000087900000| Complete 
|  96|0x0000000087a00000, 0x0000000087b00000, 0x0000000087b00000|100%| S|CS|TAMS 0x0000000087a00000, 0x0000000087a00000| Complete 
|  97|0x0000000087b00000, 0x0000000087b00000, 0x0000000087c00000|  0%| F|  |TAMS 0x0000000087b00000, 0x0000000087b00000| Untracked 
|  98|0x0000000087c00000, 0x0000000087c00000, 0x0000000087d00000|  0%| F|  |TAMS 0x0000000087c00000, 0x0000000087c00000| Untracked 
|  99|0x0000000087d00000, 0x0000000087d00000, 0x0000000087e00000|  0%| F|  |TAMS 0x0000000087d00000, 0x0000000087d00000| Untracked 
| 100|0x0000000087e00000, 0x0000000087e00000, 0x0000000087f00000|  0%| F|  |TAMS 0x0000000087e00000, 0x0000000087e00000| Untracked 
| 101|0x0000000087f00000, 0x0000000087f00000, 0x0000000088000000|  0%| F|  |TAMS 0x0000000087f00000, 0x0000000087f00000| Untracked 
| 102|0x0000000088000000, 0x0000000088000000, 0x0000000088100000|  0%| F|  |TAMS 0x0000000088000000, 0x0000000088000000| Untracked 
| 103|0x0000000088100000, 0x0000000088100000, 0x0000000088200000|  0%| F|  |TAMS 0x0000000088100000, 0x0000000088100000| Untracked 
| 104|0x0000000088200000, 0x0000000088200000, 0x0000000088300000|  0%| F|  |TAMS 0x0000000088200000, 0x0000000088200000| Untracked 
| 105|0x0000000088300000, 0x0000000088300000, 0x0000000088400000|  0%| F|  |TAMS 0x0000000088300000, 0x0000000088300000| Untracked 
| 106|0x0000000088400000, 0x0000000088400000, 0x0000000088500000|  0%| F|  |TAMS 0x0000000088400000, 0x0000000088400000| Untracked 
| 107|0x0000000088500000, 0x0000000088500000, 0x0000000088600000|  0%| F|  |TAMS 0x0000000088500000, 0x0000000088500000| Untracked 
| 108|0x0000000088600000, 0x0000000088600000, 0x0000000088700000|  0%| F|  |TAMS 0x0000000088600000, 0x0000000088600000| Untracked 
| 109|0x0000000088700000, 0x0000000088700000, 0x0000000088800000|  0%| F|  |TAMS 0x0000000088700000, 0x0000000088700000| Untracked 
| 110|0x0000000088800000, 0x0000000088800000, 0x0000000088900000|  0%| F|  |TAMS 0x0000000088800000, 0x0000000088800000| Untracked 
| 111|0x0000000088900000, 0x0000000088900000, 0x0000000088a00000|  0%| F|  |TAMS 0x0000000088900000, 0x0000000088900000| Untracked 
| 112|0x0000000088a00000, 0x0000000088a00000, 0x0000000088b00000|  0%| F|  |TAMS 0x0000000088a00000, 0x0000000088a00000| Untracked 
| 113|0x0000000088b00000, 0x0000000088b00000, 0x0000000088c00000|  0%| F|  |TAMS 0x0000000088b00000, 0x0000000088b00000| Untracked 
| 114|0x0000000088c00000, 0x0000000088c00000, 0x0000000088d00000|  0%| F|  |TAMS 0x0000000088c00000, 0x0000000088c00000| Untracked 
| 115|0x0000000088d00000, 0x0000000088d00000, 0x0000000088e00000|  0%| F|  |TAMS 0x0000000088d00000, 0x0000000088d00000| Untracked 
| 116|0x0000000088e00000, 0x0000000088e00000, 0x0000000088f00000|  0%| F|  |TAMS 0x0000000088e00000, 0x0000000088e00000| Untracked 
| 117|0x0000000088f00000, 0x0000000088f00000, 0x0000000089000000|  0%| F|  |TAMS 0x0000000088f00000, 0x0000000088f00000| Untracked 
| 118|0x0000000089000000, 0x0000000089000000, 0x0000000089100000|  0%| F|  |TAMS 0x0000000089000000, 0x0000000089000000| Untracked 
| 119|0x0000000089100000, 0x0000000089100000, 0x0000000089200000|  0%| F|  |TAMS 0x0000000089100000, 0x0000000089100000| Untracked 
| 120|0x0000000089200000, 0x0000000089200000, 0x0000000089300000|  0%| F|  |TAMS 0x0000000089200000, 0x0000000089200000| Untracked 
| 121|0x0000000089300000, 0x0000000089300000, 0x0000000089400000|  0%| F|  |TAMS 0x0000000089300000, 0x0000000089300000| Untracked 
| 122|0x0000000089400000, 0x0000000089400000, 0x0000000089500000|  0%| F|  |TAMS 0x0000000089400000, 0x0000000089400000| Untracked 
| 123|0x0000000089500000, 0x0000000089500000, 0x0000000089600000|  0%| F|  |TAMS 0x0000000089500000, 0x0000000089500000| Untracked 
| 124|0x0000000089600000, 0x0000000089600000, 0x0000000089700000|  0%| F|  |TAMS 0x0000000089600000, 0x0000000089600000| Untracked 
| 125|0x0000000089700000, 0x0000000089800000, 0x0000000089800000|100%| E|  |TAMS 0x0000000089700000, 0x0000000089700000| Complete 
| 126|0x0000000089800000, 0x0000000089900000, 0x0000000089900000|100%| E|CS|TAMS 0x0000000089800000, 0x0000000089800000| Complete 
| 127|0x0000000089900000, 0x0000000089a00000, 0x0000000089a00000|100%| E|CS|TAMS 0x0000000089900000, 0x0000000089900000| Complete 

Card table byte_map: [0x0000023c49530000,0x0000023c49930000] _byte_map_base: 0x0000023c49123000

Marking Bits (Prev, Next): (CMBitMap*) 0x0000023c31ef6020, (CMBitMap*) 0x0000023c31ef6060
 Prev Bits: [0x0000023c49d30000, 0x0000023c4bcc8000)
 Next Bits: [0x0000023c4bcd0000, 0x0000023c4dc68000)

Polling page: 0x0000023c31660000

Metaspace:

Usage:
  Non-class:     15.45 MB used.
      Class:      2.08 MB used.
       Both:     17.53 MB used.

Virtual space:
  Non-class space:       64.00 MB reserved,      15.50 MB ( 24%) committed,  1 nodes.
      Class space:        1.00 GB reserved,       2.19 MB ( <1%) committed,  1 nodes.
             Both:        1.06 GB reserved,      17.69 MB (  2%) committed. 

Chunk freelists:
   Non-Class:  64.00 KB
       Class:  1.80 MB
        Both:  1.86 MB

MaxMetaspaceSize: unlimited
CompressedClassSpaceSize: 1.00 GB
Initial GC threshold: 21.00 MB
Current GC threshold: 21.00 MB
CDS: on
MetaspaceReclaimPolicy: balanced
 - commit_granule_bytes: 65536.
 - commit_granule_words: 8192.
 - virtual_space_node_default_size: 8388608.
 - enlarge_chunks_in_place: 1.
 - new_chunks_are_fully_committed: 0.
 - uncommit_free_chunks: 1.
 - use_allocation_guard: 0.


Internal statistics:

num_allocs_failed_limit: 0.
num_arena_births: 122.
num_arena_deaths: 0.
num_vsnodes_births: 2.
num_vsnodes_deaths: 0.
num_space_committed: 283.
num_space_uncommitted: 0.
num_chunks_returned_to_freelist: 0.
num_chunks_taken_from_freelist: 556.
num_chunk_merges: 0.
num_chunk_splits: 390.
num_chunks_enlarged: 328.
num_inconsistent_stats: 0.

CodeHeap 'non-profiled nmethods': size=120000Kb used=579Kb max_used=579Kb free=119421Kb
 bounds [0x0000023c418d0000, 0x0000023c41b40000, 0x0000023c48e00000]
CodeHeap 'profiled nmethods': size=120000Kb used=3440Kb max_used=3440Kb free=116559Kb
 bounds [0x0000023c39e00000, 0x0000023c3a160000, 0x0000023c41330000]
CodeHeap 'non-nmethods': size=5760Kb used=1345Kb max_used=1360Kb free=4414Kb
 bounds [0x0000023c41330000, 0x0000023c415a0000, 0x0000023c418d0000]
 total_blobs=2428 nmethods=1856 adapters=482
 compilation: enabled
              stopped_count=0, restarted_count=0
 full_count=0

Compilation events (20 events):
Event: 4.927 Thread 0x0000023c506b16e0 1807       3       java.util.stream.ReferencePipeline$2$1::<init> (11 bytes)
Event: 4.927 Thread 0x0000023c506b16e0 nmethod 1807 0x0000023c3a143b90 code [0x0000023c3a143d60, 0x0000023c3a144268]
Event: 4.927 Thread 0x0000023c506b16e0 1811       3       java.util.stream.ReduceOps$ReduceOp::<init> (10 bytes)
Event: 4.927 Thread 0x0000023c506b16e0 nmethod 1811 0x0000023c3a144410 code [0x0000023c3a1445c0, 0x0000023c3a144778]
Event: 4.928 Thread 0x0000023c506b16e0 1813       1       io.netty.channel.nio.AbstractNioChannel::javaChannel (5 bytes)
Event: 4.928 Thread 0x0000023c506b16e0 nmethod 1813 0x0000023c4195e310 code [0x0000023c4195e4a0, 0x0000023c4195e558]
Event: 4.929 Thread 0x0000023c506b16e0 1814       3       org.openqa.selenium.json.JsonInput::beginObject (28 bytes)
Event: 4.929 Thread 0x0000023c506b16e0 nmethod 1814 0x0000023c3a144810 code [0x0000023c3a144a00, 0x0000023c3a144d88]
Event: 4.934 Thread 0x0000023c506b16e0 1816       1       io.netty.util.internal.shaded.org.jctools.queues.BaseMpscLinkedArrayQueueConsumerFields::lvConsumerIndex (5 bytes)
Event: 4.934 Thread 0x0000023c506b16e0 nmethod 1816 0x0000023c4195e610 code [0x0000023c4195e7a0, 0x0000023c4195e878]
Event: 4.934 Thread 0x0000023c506b16e0 1817       3       java.util.stream.ReduceOps::makeRef (42 bytes)
Event: 4.935 Thread 0x0000023c506b16e0 nmethod 1817 0x0000023c3a144f10 code [0x0000023c3a145120, 0x0000023c3a145928]
Event: 4.935 Thread 0x0000023c506b16e0 1818       3       java.util.stream.ReduceOps$3::getOpFlags (28 bytes)
Event: 4.935 Thread 0x0000023c506b16e0 nmethod 1818 0x0000023c3a145c10 code [0x0000023c3a145de0, 0x0000023c3a1460a8]
Event: 4.935 Thread 0x0000023c506b16e0 1819       3       java.util.stream.ReduceOps$3ReducingSink::begin (14 bytes)
Event: 4.936 Thread 0x0000023c506b16e0 nmethod 1819 0x0000023c3a146210 code [0x0000023c3a1463c0, 0x0000023c3a1465e8]
Event: 4.936 Thread 0x0000023c506b16e0 1820       3       java.util.stream.ReferencePipeline::collect (124 bytes)
Event: 4.937 Thread 0x0000023c506b16e0 nmethod 1820 0x0000023c3a146690 code [0x0000023c3a146940, 0x0000023c3a147608]
Event: 4.937 Thread 0x0000023c506b16e0 1821       3       java.util.stream.ReduceOps$3::<init> (28 bytes)
Event: 4.937 Thread 0x0000023c506b16e0 nmethod 1821 0x0000023c3a147a90 code [0x0000023c3a147c40, 0x0000023c3a147fd8]

GC Heap History (4 events):
Event: 1.920 GC heap before
{Heap before GC invocations=0 (full 0):
 garbage-first heap   total 131072K, used 22528K [0x0000000081a00000, 0x0000000100000000)
  region size 1024K, 23 young (23552K), 0 survivors (0K)
 Metaspace       used 9195K, committed 9280K, reserved 1114112K
  class space    used 992K, committed 1024K, reserved 1048576K
}
Event: 1.930 GC heap after
{Heap after GC invocations=1 (full 0):
 garbage-first heap   total 131072K, used 5748K [0x0000000081a00000, 0x0000000100000000)
  region size 1024K, 3 young (3072K), 3 survivors (3072K)
 Metaspace       used 9195K, committed 9280K, reserved 1114112K
  class space    used 992K, committed 1024K, reserved 1048576K
}
Event: 4.906 GC heap before
{Heap before GC invocations=1 (full 0):
 garbage-first heap   total 131072K, used 38516K [0x0000000081a00000, 0x0000000100000000)
  region size 1024K, 31 young (31744K), 3 survivors (3072K)
 Metaspace       used 17919K, committed 18112K, reserved 1114112K
  class space    used 2124K, committed 2240K, reserved 1048576K
}
Event: 4.919 GC heap after
{Heap after GC invocations=2 (full 0):
 garbage-first heap   total 131072K, used 13851K [0x0000000081a00000, 0x0000000100000000)
  region size 1024K, 3 young (3072K), 3 survivors (3072K)
 Metaspace       used 17919K, committed 18112K, reserved 1114112K
  class space    used 2124K, committed 2240K, reserved 1048576K
}

Dll operation events (11 events):
Event: 0.012 Loaded shared library C:\Program Files\Java\jdk-19\bin\java.dll
Event: 0.031 Loaded shared library C:\Program Files\Java\jdk-19\bin\jsvml.dll
Event: 0.227 Loaded shared library C:\Program Files\Java\jdk-19\bin\net.dll
Event: 0.230 Loaded shared library C:\Program Files\Java\jdk-19\bin\nio.dll
Event: 0.236 Loaded shared library C:\Program Files\Java\jdk-19\bin\zip.dll
Event: 0.401 Loaded shared library C:\Program Files\Java\jdk-19\bin\jimage.dll
Event: 0.550 Loaded shared library C:\Program Files\Java\jdk-19\bin\extnet.dll
Event: 0.819 Loaded shared library C:\Program Files\Java\jdk-19\bin\verify.dll
Event: 0.940 Loaded shared library C:\Program Files\Java\jdk-19\bin\management.dll
Event: 0.946 Loaded shared library C:\Program Files\Java\jdk-19\bin\management_ext.dll
Event: 1.133 Loaded shared library C:\Program Files\Java\jdk-19\bin\sunmscapi.dll

Deoptimization events (20 events):
Event: 4.275 Thread 0x0000023c55a43580 Uncommon trap: trap_request=0xffffffde fr.pc=0x0000023c4194e5c8 relative=0x0000000000000128
Event: 4.275 Thread 0x0000023c55a43580 Uncommon trap: reason=class_check action=maybe_recompile pc=0x0000023c4194e5c8 method=jdk.internal.misc.Unsafe.allocateUninitializedArray(Ljava/lang/Class;I)Ljava/lang/Object; @ 51 c2
Event: 4.275 Thread 0x0000023c55a43580 DEOPT PACKING pc=0x0000023c4194e5c8 sp=0x00000078db6fd480
Event: 4.275 Thread 0x0000023c55a43580 DEOPT UNPACKING pc=0x0000023c41396da3 sp=0x00000078db6fd408 mode 2
Event: 4.275 Thread 0x0000023c55a43580 Uncommon trap: trap_request=0xffffffde fr.pc=0x0000023c4194e5c8 relative=0x0000000000000128
Event: 4.275 Thread 0x0000023c55a43580 Uncommon trap: reason=class_check action=maybe_recompile pc=0x0000023c4194e5c8 method=jdk.internal.misc.Unsafe.allocateUninitializedArray(Ljava/lang/Class;I)Ljava/lang/Object; @ 51 c2
Event: 4.275 Thread 0x0000023c55a43580 DEOPT PACKING pc=0x0000023c4194e5c8 sp=0x00000078db6fd610
Event: 4.275 Thread 0x0000023c55a43580 DEOPT UNPACKING pc=0x0000023c41396da3 sp=0x00000078db6fd598 mode 2
Event: 4.276 Thread 0x0000023c55a43580 Uncommon trap: trap_request=0xffffffde fr.pc=0x0000023c4194e5c8 relative=0x0000000000000128
Event: 4.276 Thread 0x0000023c55a43580 Uncommon trap: reason=class_check action=maybe_recompile pc=0x0000023c4194e5c8 method=jdk.internal.misc.Unsafe.allocateUninitializedArray(Ljava/lang/Class;I)Ljava/lang/Object; @ 51 c2
Event: 4.276 Thread 0x0000023c55a43580 DEOPT PACKING pc=0x0000023c4194e5c8 sp=0x00000078db6fc170
Event: 4.276 Thread 0x0000023c55a43580 DEOPT UNPACKING pc=0x0000023c41396da3 sp=0x00000078db6fc0f8 mode 2
Event: 4.407 Thread 0x0000023c31e922b0 Uncommon trap: trap_request=0xffffff45 fr.pc=0x0000023c41918728 relative=0x0000000000000d08
Event: 4.407 Thread 0x0000023c31e922b0 Uncommon trap: reason=unstable_if action=reinterpret pc=0x0000023c41918728 method=java.util.concurrent.ConcurrentHashMap.putVal(Ljava/lang/Object;Ljava/lang/Object;Z)Ljava/lang/Object; @ 231 c2
Event: 4.407 Thread 0x0000023c31e922b0 DEOPT PACKING pc=0x0000023c41918728 sp=0x00000078d92fe9f0
Event: 4.407 Thread 0x0000023c31e922b0 DEOPT UNPACKING pc=0x0000023c41396da3 sp=0x00000078d92fe950 mode 2
Event: 4.507 Thread 0x0000023c55a43030 Uncommon trap: trap_request=0xffffff45 fr.pc=0x0000023c4192ed68 relative=0x00000000000009a8
Event: 4.508 Thread 0x0000023c55a43030 Uncommon trap: reason=unstable_if action=reinterpret pc=0x0000023c4192ed68 method=sun.security.provider.SHA.implCompress0([BI)V @ 4 c2
Event: 4.508 Thread 0x0000023c55a43030 DEOPT PACKING pc=0x0000023c4192ed68 sp=0x00000078db8fe600
Event: 4.508 Thread 0x0000023c55a43030 DEOPT UNPACKING pc=0x0000023c41396da3 sp=0x00000078db8fe570 mode 2

Classes loaded (20 events):
Event: 4.590 Loading class java/util/stream/MatchOps$MatchKind
Event: 4.591 Loading class java/util/stream/MatchOps$MatchKind done
Event: 4.591 Loading class java/util/stream/MatchOps
Event: 4.591 Loading class java/util/stream/MatchOps done
Event: 4.591 Loading class java/util/stream/MatchOps$MatchOp
Event: 4.591 Loading class java/util/stream/MatchOps$MatchOp done
Event: 4.591 Loading class java/util/stream/MatchOps$BooleanTerminalSink
Event: 4.591 Loading class java/util/stream/MatchOps$BooleanTerminalSink done
Event: 4.592 Loading class java/util/stream/MatchOps$1MatchSink
Event: 4.592 Loading class java/util/stream/MatchOps$1MatchSink done
Event: 4.602 Loading class java/util/concurrent/ConcurrentLinkedQueue$Itr
Event: 4.602 Loading class java/util/concurrent/ConcurrentLinkedQueue$Itr done
Event: 4.632 Loading class java/util/concurrent/CompletableFuture$BiRelay
Event: 4.632 Loading class java/util/concurrent/CompletableFuture$BiCompletion
Event: 4.633 Loading class java/util/concurrent/CompletableFuture$BiCompletion done
Event: 4.633 Loading class java/util/concurrent/CompletableFuture$BiRelay done
Event: 4.696 Loading class java/util/ConcurrentModificationException
Event: 4.696 Loading class java/util/ConcurrentModificationException done
Event: 4.877 Loading class java/util/concurrent/locks/ReentrantReadWriteLock$Sync$HoldCounter
Event: 4.877 Loading class java/util/concurrent/locks/ReentrantReadWriteLock$Sync$HoldCounter done

Classes unloaded (0 events):
No events

Classes redefined (0 events):
No events

Internal exceptions (20 events):
Event: 2.285 Thread 0x0000023c548f2d20 Exception <a 'java/lang/NoSuchMethodError'{0x00000000893e0238}: 'java.lang.Object java.lang.invoke.DirectMethodHandle$Holder.invokeStatic(java.lang.Object, long, java.lang.Object)'> (0x00000000893e0238) 
thrown [s\open\src\hotspot\share\interpreter\linkResolver.cpp, line 774]
Event: 2.286 Thread 0x0000023c548f2d20 Exception <a 'java/lang/NoSuchMethodError'{0x00000000893e39b8}: 'java.lang.Object java.lang.invoke.DirectMethodHandle$Holder.invokeStaticInit(java.lang.Object, long, java.lang.Object)'> (0x00000000893e39b8) 
thrown [s\open\src\hotspot\share\interpreter\linkResolver.cpp, line 774]
Event: 2.345 Thread 0x0000023c548f37c0 Exception <a 'java/net/ConnectException'{0x00000000892b3680}: Connection refused: no further information> (0x00000000892b3680) 
thrown [s\open\src\hotspot\share\prims\jni.cpp, line 536]
Event: 2.366 Thread 0x0000023c548f37c0 Exception <a 'java/net/ConnectException'{0x00000000892b4d08}: Connection refused: no further information> (0x00000000892b4d08) 
thrown [s\open\src\hotspot\share\prims\jni.cpp, line 536]
Event: 2.438 Thread 0x0000023c31e922b0 Exception <a 'java/lang/NoSuchMethodError'{0x00000000892d68a8}: 'int java.lang.invoke.DirectMethodHandle$Holder.invokeVirtual(java.lang.Object, java.lang.Object)'> (0x00000000892d68a8) 
thrown [s\open\src\hotspot\share\interpreter\linkResolver.cpp, line 774]
Event: 2.439 Thread 0x0000023c31e922b0 Exception <a 'java/lang/NoSuchMethodError'{0x00000000892dcee0}: 'double java.lang.invoke.DirectMethodHandle$Holder.invokeVirtual(java.lang.Object, java.lang.Object)'> (0x00000000892dcee0) 
thrown [s\open\src\hotspot\share\interpreter\linkResolver.cpp, line 774]
Event: 2.441 Thread 0x0000023c31e922b0 Exception <a 'java/lang/NoSuchMethodError'{0x00000000892e3770}: 'float java.lang.invoke.DirectMethodHandle$Holder.invokeVirtual(java.lang.Object, java.lang.Object)'> (0x00000000892e3770) 
thrown [s\open\src\hotspot\share\interpreter\linkResolver.cpp, line 774]
Event: 2.443 Thread 0x0000023c31e922b0 Exception <a 'java/lang/NoSuchMethodError'{0x00000000892f1138}: 'long java.lang.invoke.DirectMethodHandle$Holder.invokeVirtual(java.lang.Object, java.lang.Object)'> (0x00000000892f1138) 
thrown [s\open\src\hotspot\share\interpreter\linkResolver.cpp, line 774]
Event: 2.452 Thread 0x0000023c31e922b0 Exception <a 'java/lang/NoSuchMethodError'{0x000000008911dcd8}: 'void java.lang.invoke.DirectMethodHandle$Holder.invokeStatic(java.lang.Object, java.lang.Object, java.lang.Object)'> (0x000000008911dcd8) 
thrown [s\open\src\hotspot\share\interpreter\linkResolver.cpp, line 774]
Event: 2.453 Thread 0x0000023c31e922b0 Exception <a 'java/lang/NoSuchMethodError'{0x00000000891242e0}: 'java.lang.Object java.lang.invoke.DirectMethodHandle$Holder.invokeVirtual(java.lang.Object, java.lang.Object, java.lang.Object)'> (0x00000000891242e0) 
thrown [s\open\src\hotspot\share\interpreter\linkResolver.cpp, line 774]
Event: 2.503 Thread 0x0000023c31e922b0 Exception <a 'java/lang/NoSuchMethodError'{0x000000008903a188}: 'java.lang.Object java.lang.invoke.DirectMethodHandle$Holder.newInvokeSpecial(java.lang.Object, java.lang.Object, int, int)'> (0x000000008903a188) 
thrown [s\open\src\hotspot\share\interpreter\linkResolver.cpp, line 774]
Event: 2.504 Thread 0x0000023c31e922b0 Exception <a 'java/lang/NoSuchMethodError'{0x0000000089044bd0}: 'void java.lang.invoke.DirectMethodHandle$Holder.invokeStatic(java.lang.Object, java.lang.Object, int)'> (0x0000000089044bd0) 
thrown [s\open\src\hotspot\share\interpreter\linkResolver.cpp, line 774]
Event: 2.541 Thread 0x0000023c31e922b0 Exception <a 'java/lang/NoSuchMethodError'{0x0000000088f22ff8}: 'java.lang.Object java.lang.invoke.DirectMethodHandle$Holder.newInvokeSpecial(java.lang.Object, java.lang.Object, java.lang.Object, java.lang.Object, java.lang.Object)'> (0x0000000088f22ff8) 
thrown [s\open\src\hotspot\share\interpreter\linkResolver.cpp, line 774]
Event: 2.598 Thread 0x0000023c31e922b0 Exception <a 'java/lang/NoSuchMethodError'{0x0000000088e6ee70}: 'int java.lang.invoke.DirectMethodHandle$Holder.invokeSpecialIFC(java.lang.Object, java.lang.Object, java.lang.Object)'> (0x0000000088e6ee70) 
thrown [s\open\src\hotspot\share\interpreter\linkResolver.cpp, line 774]
Event: 2.633 Thread 0x0000023c31e922b0 Exception <a 'java/lang/NoSuchMethodError'{0x0000000088d30d70}: 'void java.lang.invoke.DirectMethodHandle$Holder.invokeStatic(java.lang.Object, java.lang.Object, java.lang.Object, java.lang.Object)'> (0x0000000088d30d70) 
thrown [s\open\src\hotspot\share\interpreter\linkResolver.cpp, line 774]
Event: 2.741 Thread 0x0000023c31e922b0 Exception <a 'java/lang/NoSuchMethodError'{0x0000000088b6d338}: 'long java.lang.invoke.DirectMethodHandle$Holder.invokeInterface(java.lang.Object, java.lang.Object)'> (0x0000000088b6d338) 
thrown [s\open\src\hotspot\share\interpreter\linkResolver.cpp, line 774]
Event: 2.743 Thread 0x0000023c31e922b0 Exception <a 'java/lang/NoSuchMethodError'{0x0000000088b721a8}: 'long java.lang.invoke.DelegatingMethodHandle$Holder.reinvoke_L(java.lang.Object, java.lang.Object)'> (0x0000000088b721a8) 
thrown [s\open\src\hotspot\share\interpreter\linkResolver.cpp, line 774]
Event: 4.378 Thread 0x0000023c31e922b0 Exception <a 'java/lang/NoSuchMethodError'{0x0000000088580900}: 'java.lang.Object java.lang.invoke.DirectMethodHandle$Holder.invokeSpecialIFC(java.lang.Object, java.lang.Object, java.lang.Object)'> (0x0000000088580900) 
thrown [s\open\src\hotspot\share\interpreter\linkResolver.cpp, line 774]
Event: 4.429 Thread 0x0000023c31e922b0 Exception <a 'java/lang/NoSuchMethodError'{0x00000000884a1230}: 'void java.lang.invoke.DirectMethodHandle$Holder.invokeSpecial(java.lang.Object, java.lang.Object, java.lang.Object, java.lang.Object, java.lang.Object)'> (0x00000000884a1230) 
thrown [s\open\src\hotspot\share\interpreter\linkResolver.cpp, line 774]
Event: 4.507 Thread 0x0000023c55a43030 Implicit null exception at 0x0000023c4192e3f6 to 0x0000023c4192ed4c

VM Operations (20 events):
Event: 1.043 Executing VM operation: HandshakeAllThreads
Event: 1.044 Executing VM operation: HandshakeAllThreads done
Event: 1.044 Executing VM operation: Cleanup
Event: 1.044 Executing VM operation: Cleanup done
Event: 1.920 Executing VM operation: G1CollectForAllocation
Event: 1.930 Executing VM operation: G1CollectForAllocation done
Event: 2.009 Executing VM operation: HandshakeAllThreads
Event: 2.009 Executing VM operation: HandshakeAllThreads done
Event: 2.261 Executing VM operation: HandshakeAllThreads
Event: 2.261 Executing VM operation: HandshakeAllThreads done
Event: 2.408 Executing VM operation: HandshakeAllThreads
Event: 2.408 Executing VM operation: HandshakeAllThreads done
Event: 2.411 Executing VM operation: HandshakeAllThreads
Event: 2.411 Executing VM operation: HandshakeAllThreads done
Event: 3.424 Executing VM operation: Cleanup
Event: 3.424 Executing VM operation: Cleanup done
Event: 4.436 Executing VM operation: Cleanup
Event: 4.436 Executing VM operation: Cleanup done
Event: 4.880 Executing VM operation: G1CollectForAllocation
Event: 4.921 Executing VM operation: G1CollectForAllocation done

Events (20 events):
Event: 4.446 Thread 0x0000023c55a46000 Thread added: 0x0000023c55a46000
Event: 4.479 Thread 0x0000023c55a43030 Thread added: 0x0000023c55a43030
Event: 4.603 Thread 0x0000023c55a43ad0 Thread added: 0x0000023c55a43ad0
Event: 4.624 Thread 0x0000023c55a44020 Thread added: 0x0000023c55a44020
Event: 4.868 Thread 0x0000023c55a405b0 Thread added: 0x0000023c55a405b0
Event: 4.869 Thread 0x0000023c55a41050 Thread added: 0x0000023c55a41050
Event: 4.869 Thread 0x0000023c55a47a90 Thread added: 0x0000023c55a47a90
Event: 4.870 Thread 0x0000023c55a45010 Thread added: 0x0000023c55a45010
Event: 4.870 Thread 0x0000023c55a46ff0 Thread added: 0x0000023c55a46ff0
Event: 4.870 Thread 0x0000023c55a42040 Thread added: 0x0000023c55a42040
Event: 4.870 Thread 0x0000023c55a41af0 Thread added: 0x0000023c55a41af0
Event: 4.871 Thread 0x0000023c55a415a0 Thread added: 0x0000023c55a415a0
Event: 4.871 Thread 0x0000023c55a44570 Thread added: 0x0000023c55a44570
Event: 4.871 Thread 0x0000023c55a40b00 Thread added: 0x0000023c55a40b00
Event: 4.872 Thread 0x0000023c55a42590 Thread added: 0x0000023c55a42590
Event: 4.872 Thread 0x0000023c55a44ac0 Thread added: 0x0000023c55a44ac0
Event: 4.874 Thread 0x0000023c55a46550 Thread added: 0x0000023c55a46550
Event: 4.874 Thread 0x0000023c55a42ae0 Thread added: 0x0000023c55a42ae0
Event: 4.875 Thread 0x0000023c55a45560 Thread added: 0x0000023c55a45560
Event: 4.875 Thread 0x0000023c55a45ab0 Thread added: 0x0000023c55a45ab0


Dynamic libraries:
0x00007ff6137f0000 - 0x00007ff613800000 	C:\Program Files\Java\jdk-19\bin\javaw.exe
0x00007ffe890f0000 - 0x00007ffe892e8000 	C:\Windows\SYSTEM32\ntdll.dll
0x00007ffe874e0000 - 0x00007ffe8759f000 	C:\Windows\System32\KERNEL32.DLL
0x00007ffe869b0000 - 0x00007ffe86ca6000 	C:\Windows\System32\KERNELBASE.dll
0x00007ffe86820000 - 0x00007ffe86920000 	C:\Windows\System32\ucrtbase.dll
0x00007ffe81a70000 - 0x00007ffe81a8b000 	C:\Program Files\Java\jdk-19\bin\VCRUNTIME140.dll
0x00007ffe5eb60000 - 0x00007ffe5eb78000 	C:\Program Files\Java\jdk-19\bin\jli.dll
0x00007ffe88840000 - 0x00007ffe888ef000 	C:\Windows\System32\ADVAPI32.dll
0x00007ffe87d60000 - 0x00007ffe87dfe000 	C:\Windows\System32\msvcrt.dll
0x00007ffe88670000 - 0x00007ffe8870c000 	C:\Windows\System32\sechost.dll
0x00007ffe875a0000 - 0x00007ffe876c6000 	C:\Windows\System32\RPCRT4.dll
0x00007ffe87a20000 - 0x00007ffe87bbd000 	C:\Windows\System32\USER32.dll
0x00007ffe86cb0000 - 0x00007ffe86cd2000 	C:\Windows\System32\win32u.dll
0x00007ffe85b50000 - 0x00007ffe85dea000 	C:\Windows\WinSxS\amd64_microsoft.windows.common-controls_6595b64144ccf1df_6.0.19041.1110_none_60b5254171f9507e\COMCTL32.dll
0x00007ffe87150000 - 0x00007ffe8717c000 	C:\Windows\System32\GDI32.dll
0x00007ffe86ce0000 - 0x00007ffe86df5000 	C:\Windows\System32\gdi32full.dll
0x00007ffe86ee0000 - 0x00007ffe86f7d000 	C:\Windows\System32\msvcp_win.dll
0x00007ffe7ea30000 - 0x00007ffe7ea3a000 	C:\Windows\SYSTEM32\VERSION.dll
0x00007ffe88640000 - 0x00007ffe88670000 	C:\Windows\System32\IMM32.DLL
0x00007ffe83790000 - 0x00007ffe8379c000 	C:\Program Files\Java\jdk-19\bin\vcruntime140_1.dll
0x00007ffe53bf0000 - 0x00007ffe53c7e000 	C:\Program Files\Java\jdk-19\bin\msvcp140.dll
0x00007ffe1b770000 - 0x00007ffe1c430000 	C:\Program Files\Java\jdk-19\bin\server\jvm.dll
0x00007ffe74290000 - 0x00007ffe742b7000 	C:\Windows\SYSTEM32\WINMM.dll
0x00007ffe840d0000 - 0x00007ffe840d9000 	C:\Windows\SYSTEM32\WSOCK32.dll
0x00007ffe89040000 - 0x00007ffe890ab000 	C:\Windows\System32\WS2_32.dll
0x00007ffe849a0000 - 0x00007ffe849b2000 	C:\Windows\SYSTEM32\kernel.appcore.dll
0x00007ffe80be0000 - 0x00007ffe80bea000 	C:\Program Files\Java\jdk-19\bin\jimage.dll
0x00007ffe860e0000 - 0x00007ffe862c4000 	C:\Windows\SYSTEM32\DBGHELP.DLL
0x00007ffe85f00000 - 0x00007ffe85f34000 	C:\Windows\SYSTEM32\dbgcore.DLL
0x00007ffe86920000 - 0x00007ffe869a2000 	C:\Windows\System32\bcryptPrimitives.dll
0x00007ffe56350000 - 0x00007ffe56376000 	C:\Program Files\Java\jdk-19\bin\java.dll
0x00007ffe44e80000 - 0x00007ffe44f57000 	C:\Program Files\Java\jdk-19\bin\jsvml.dll
0x00007ffe888f0000 - 0x00007ffe89034000 	C:\Windows\System32\SHELL32.dll
0x00007ffe841f0000 - 0x00007ffe84984000 	C:\Windows\SYSTEM32\windows.storage.dll
0x00007ffe87180000 - 0x00007ffe874d4000 	C:\Windows\System32\combase.dll
0x00007ffe85ab0000 - 0x00007ffe85ade000 	C:\Windows\SYSTEM32\Wldp.dll
0x00007ffe88590000 - 0x00007ffe8863d000 	C:\Windows\System32\SHCORE.dll
0x00007ffe876e0000 - 0x00007ffe87735000 	C:\Windows\System32\shlwapi.dll
0x00007ffe86700000 - 0x00007ffe86725000 	C:\Windows\SYSTEM32\profapi.dll
0x00007ffe56330000 - 0x00007ffe56343000 	C:\Program Files\Java\jdk-19\bin\net.dll
0x00007ffe7c790000 - 0x00007ffe7c89a000 	C:\Windows\SYSTEM32\WINHTTP.dll
0x00007ffe85790000 - 0x00007ffe857fa000 	C:\Windows\system32\mswsock.dll
0x00007ffe55c10000 - 0x00007ffe55c26000 	C:\Program Files\Java\jdk-19\bin\nio.dll
0x00007ffe53880000 - 0x00007ffe53898000 	C:\Program Files\Java\jdk-19\bin\zip.dll
0x00007ffe62640000 - 0x00007ffe62648000 	C:\Program Files\Java\jdk-19\bin\extnet.dll
0x00007ffe85540000 - 0x00007ffe8560a000 	C:\Windows\SYSTEM32\DNSAPI.dll
0x00007ffe85500000 - 0x00007ffe8553c000 	C:\Windows\SYSTEM32\IPHLPAPI.DLL
0x00007ffe876d0000 - 0x00007ffe876d8000 	C:\Windows\System32\NSI.dll
0x00007ffe72cf0000 - 0x00007ffe72cfa000 	C:\Windows\System32\rasadhlp.dll
0x00007ffe72d70000 - 0x00007ffe72df2000 	C:\Windows\System32\fwpuclnt.dll
0x00007ffe86eb0000 - 0x00007ffe86ed7000 	C:\Windows\System32\bcrypt.dll
0x00007ffe7fb10000 - 0x00007ffe7fb20000 	C:\Program Files\Java\jdk-19\bin\verify.dll
0x00007ffe80d40000 - 0x00007ffe80d4a000 	C:\Program Files\Java\jdk-19\bin\management.dll
0x00007ffe80ce0000 - 0x00007ffe80ceb000 	C:\Program Files\Java\jdk-19\bin\management_ext.dll
0x00007ffe87f00000 - 0x00007ffe87f08000 	C:\Windows\System32\PSAPI.DLL
0x00007ffe80d60000 - 0x00007ffe80d6e000 	C:\Program Files\Java\jdk-19\bin\sunmscapi.dll
0x00007ffe86ff0000 - 0x00007ffe8714e000 	C:\Windows\System32\CRYPT32.dll
0x00007ffe85b20000 - 0x00007ffe85b48000 	C:\Windows\SYSTEM32\ncrypt.dll
0x00007ffe85ae0000 - 0x00007ffe85b1b000 	C:\Windows\SYSTEM32\NTASN1.dll
0x00007ffe86470000 - 0x00007ffe86488000 	C:\Windows\SYSTEM32\CRYPTSP.dll
0x00007ffe85190000 - 0x00007ffe851c4000 	C:\Windows\system32\rsaenh.dll
0x00007ffe866c0000 - 0x00007ffe866ee000 	C:\Windows\SYSTEM32\USERENV.dll
0x00007ffe859c0000 - 0x00007ffe859cc000 	C:\Windows\SYSTEM32\CRYPTBASE.dll
0x00007ffe7dc80000 - 0x00007ffe7dc97000 	C:\Windows\SYSTEM32\dhcpcsvc6.DLL
0x00007ffe7eb90000 - 0x00007ffe7ebad000 	C:\Windows\SYSTEM32\dhcpcsvc.DLL
0x00007ffe837a0000 - 0x00007ffe837a7000 	C:\Windows\system32\wshunix.dll

dbghelp: loaded successfully - version: 4.0.5 - missing functions: none
symbol engine: initialized successfully - sym options: 0x614 - pdb path: .;C:\Program Files\Java\jdk-19\bin;C:\Windows\SYSTEM32;C:\Windows\WinSxS\amd64_microsoft.windows.common-controls_6595b64144ccf1df_6.0.19041.1110_none_60b5254171f9507e;C:\Program Files\Java\jdk-19\bin\server

VM Arguments:
jvm_args: -Dfile.encoding=UTF-8 -XX:+ShowCodeDetailsInExceptionMessages 
java_command: CDP.NetworkMethod1
java_class_path (initial): C:\Users\Admin\eclipse-workspace\ChromeDevTools\target\classes;C:\Users\Admin\.m2\repository\org\seleniumhq\selenium\selenium-java\4.12.0\selenium-java-4.12.0.jar;C:\Users\Admin\.m2\repository\org\seleniumhq\selenium\selenium-api\4.12.0\selenium-api-4.12.0.jar;C:\Users\Admin\.m2\repository\org\seleniumhq\selenium\selenium-chrome-driver\4.12.0\selenium-chrome-driver-4.12.0.jar;C:\Users\Admin\.m2\repository\org\seleniumhq\selenium\selenium-chromium-driver\4.12.0\selenium-chromium-driver-4.12.0.jar;C:\Users\Admin\.m2\repository\org\seleniumhq\selenium\selenium-manager\4.12.0\selenium-manager-4.12.0.jar;C:\Users\Admin\.m2\repository\org\seleniumhq\selenium\selenium-devtools-v114\4.12.0\selenium-devtools-v114-4.12.0.jar;C:\Users\Admin\.m2\repository\org\seleniumhq\selenium\selenium-devtools-v115\4.12.0\selenium-devtools-v115-4.12.0.jar;C:\Users\Admin\.m2\repository\org\seleniumhq\selenium\selenium-devtools-v85\4.12.0\selenium-devtools-v85-4.12.0.jar;C:\Users\Admin\.m2\repository\org\seleniumhq\selenium\selenium-edge-driver\4.12.0\selenium-edge-driver-4.12.0.jar;C:\Users\Admin\.m2\repository\org\seleniumhq\selenium\selenium-firefox-driver\4.12.0\selenium-firefox-driver-4.12.0.jar;C:\Users\Admin\.m2\repository\org\seleniumhq\selenium\selenium-http\4.12.0\selenium-http-4.12.0.jar;C:\Users\Admin\.m2\repository\dev\failsafe\failsafe\3.3.2\failsafe-3.3.2.jar;C:\Users\Admin\.m2\repository\org\seleniumhq\selenium\selenium-ie-driver\4.12.0\selenium-ie-driver-4.12.0.jar;C:\Users\Admin\.m2\repository\org\seleniumhq\selenium\selenium-remote-driver\4.12.0\selenium-remote-driver-4.12.0.jar;C:\Users\Admin\.m2\repository\io\netty\netty-buffer\4.1.96.Final\netty-buffer-4.1.96.Final.jar;C:\Users\Admin\.m2\repository\io\netty\netty-codec-http\4.1.96.Final\netty-codec-http-4.1.96.Final.jar;C:\Users\Admin\.m2\repository\io\netty\netty-codec\4.1.96.Final\netty-codec-4.1.96.Final.jar;C:\Users\Admin\.m2\repository\io\netty\netty-handler\4.1.96.Final\netty-handler-4.1.96.Final.jar;C:\Users\Admin\.m2\repository\io\netty\netty-common\4.1.96.Final\netty-common-4.1.96.Final.jar;C:\Users\Admin\.m2\repository\io\netty\netty-transport-classes-epoll\4.1.96.Final\netty-transport-classes-epoll-4.1.96.Final.jar;C:\Users\Admin\.m2\repository\io\netty\netty-transport-classes-kqueue\4.1.96.Final\netty-transport-classes-kqueue-4.1.96.Final.jar;C:\Users\Admin\.m2\repository\io\netty\netty-transport-native-epoll\4.1.96.Final\netty-transport-native-epoll-4.1.96.Final.jar;C:\Users\Admin\.m2\repository\io\netty\netty-transport-native-kqueue\4.1.96.Final\netty-transport-native-kqueue-4.1.96.Final.jar;C:\Users\Admin\.m2\repository\io\netty\netty-transport-native-unix-common\4.1.96.Final\netty-transport-native-unix-common-4.1.96.Final.jar;C:\Users\Admin\.m2\repository\io\netty\netty-transport\4.1.96.Final\netty-transport-4.1.96.Final.jar;C:\Users\Admin\.m2\repository\io\netty\netty-resolver\4.1.96.Final\netty-resolver-4.1.96.Final.jar;C:\Users\Admin\.m2\repository\io\opentelemetry\opentelemetry-api\1.28.0\opentelemetry-api-1.28.0.jar;C:\Users\Admin\.m2\repository\io\opentelemetry\opentelemetry-context\1.28.0\opentelemetry-context-1.28.0.jar;C:\Users\Admin\.m2\repository\io\opentelemetry\opentelemetry-exporter-logging\1.28.0\opentelemetry-exporter-logging-1.28.0.jar;C:\Users\Admin\.m2\repository\io\opentelemetry\opentelemetry-sdk-metrics\1.28.0\opentelemetry-sdk-metrics-1.28.0.jar;C:\Users\Admin\.m2\repository\io\opentelemetry\opentelemetry-extension-incubator\1.28.0-alpha\opentelemetry-extension-incubator-1.28.0-alpha.jar;C:\Users\Admin\.m2\repository\io\opentelemetry\opentelemetry-sdk-logs\1.28.0\opentelemetry-sdk-logs-1.28.0.jar;C:\Users\Admin\.m2\repository\io\opentelemetry\opentelemetry-sdk-common\1.28.0\opentelemetry-sdk-common-1.28.0.jar;C:\Users\Admin\.m2\repository\io\opentelemetry\opentelemetry-sdk-extension-autoconfigure-spi\1.28.0\opentelemetry-sdk-extension-autoconfigure-spi-1.28.0.jar;C:\Users\Admin\.m2\repository\io\opentelemetry\opentelemetry-sdk-extension-autoconfigure\1.28.0\opentelemetry-sdk-extension-autoconfigure-1.28.0.jar;C:\Users\Admin\.m2\repository\io\opentelemetry\opentelemetry-api-events\1.28.0-alpha\opentelemetry-api-events-1.28.0-alpha.jar;C:\Users\Admin\.m2\repository\io\opentelemetry\opentelemetry-sdk-trace\1.28.0\opentelemetry-sdk-trace-1.28.0.jar;C:\Users\Admin\.m2\repository\io\opentelemetry\opentelemetry-sdk\1.28.0\opentelemetry-sdk-1.28.0.jar;C:\Users\Admin\.m2\repository\io\opentelemetry\opentelemetry-semconv\1.28.0-alpha\opentelemetry-semconv-1.28.0-alpha.jar;C:\Users\Admin\.m2\repository\net\bytebuddy\byte-buddy\1.14.5\byte-buddy-1.14.5.jar;C:\Users\Admin\.m2\repository\org\asynchttpclient\async-http-client\2.12.3\async-http-client-2.12.3.jar;C:\Users\Admin\.m2\repository\org\asynchttpclient\async-http-client-netty-utils\2.12.3\async-http-client-netty-utils-2.12.3.jar;C:\Users\Admin\.m2\repository\io\netty\netty-codec-socks\4.1.60.Final\netty-codec-socks-4.1.60.Final.jar;C:\Users\Admin\.m2\repository\io\netty\netty-handler-proxy\4.1.60.Final\netty-handler-proxy-4.1.60.Final.jar;C:\Users\Admin\.m2\repository\io\netty\netty-transport-native-epoll\4.1.60.Final\netty-transport-native-epoll-4.1.60.Final-linux-x86_64.jar;C:\Users\Admin\.m2\repository\io\netty\netty-transport-native-kqueue\4.1.60.Final\netty-transport-native-kqueue-4.1.60.Final-osx-x86_64.jar;C:\Users\Admin\.m2\repository\org\reactivestreams\reactive-streams\1.0.3\reactive-streams-1.0.3.jar;C:\Users\Admin\.m2\repository\com\typesafe\netty\netty-reactive-streams\2.0.4\netty-reactive-streams-2.0.4.jar;C:\Users\Admin\.m2\repository\org\slf4j\slf4j-api\1.7.30\slf4j-api-1.7.30.jar;C:\Users\Admin\.m2\repository\com\sun\activation\jakarta.activation\1.2.2\jakarta.activation-1.2.2.jar;C:\Users\Admin\.m2\repository\org\seleniumhq\selenium\selenium-os\4.12.0\selenium-os-4.12.0.jar;C:\Users\Admin\.m2\repository\org\apache\commons\commons-exec\1.3\commons-exec-1.3.jar;C:\Users\Admin\.m2\repository\org\seleniumhq\selenium\selenium-safari-driver\4.12.0\selenium-safari-driver-4.12.0.jar;C:\Users\Admin\.m2\repository\org\seleniumhq\selenium\selenium-support\4.12.0\selenium-support-4.12.0.jar;C:\Users\Admin\.m2\repository\org\seleniumhq\selenium\selenium-devtools-v116\4.12.0\selenium-devtools-v116-4.12.0.jar;C:\Users\Admin\.m2\repository\com\google\auto\service\auto-service-annotations\1.1.1\auto-service-annotations-1.1.1.jar;C:\Users\Admin\.m2\repository\com\google\guava\guava\32.1.2-jre\guava-32.1.2-jre.jar;C:\Users\Admin\.m2\repository\com\google\guava\failureaccess\1.0.1\failureaccess-1.0.1.jar;C:\Users\Admin\.m2\repository\com\google\guava\listenablefuture\9999.0-empty-to-avoid-conflict-with-guava\listenablefuture-9999.0-empty-to-avoid-conflict-with-guava.jar;C:\Users\Admin\.m2\repository\com\google\code\findbugs\jsr305\3.0.2\jsr305-3.0.2.jar;C:\Users\Admin\.m2\repository\org\checkerframework\checker-qual\3.33.0\checker-qual-3.33.0.jar;C:\Users\Admin\.m2\repository\com\google\errorprone\error_prone_annotations\2.18.0\error_prone_annotations-2.18.0.jar;C:\Users\Admin\.m2\repository\com\google\j2objc\j2objc-annotations\2.8\j2objc-annotations-2.8.jar;C:\Users\Admin\.m2\repository\org\seleniumhq\selenium\selenium-json\4.12.0\selenium-json-4.12.0.jar
Launcher Type: SUN_STANDARD

[Global flags]
     intx CICompilerCount                          = 4                                         {product} {ergonomic}
     uint ConcGCThreads                            = 2                                         {product} {ergonomic}
     uint G1ConcRefinementThreads                  = 8                                         {product} {ergonomic}
   size_t G1HeapRegionSize                         = 1048576                                   {product} {ergonomic}
    uintx GCDrainStackTargetSize                   = 64                                        {product} {ergonomic}
   size_t InitialHeapSize                          = 134217728                                 {product} {ergonomic}
   size_t MarkStackSize                            = 4194304                                   {product} {ergonomic}
   size_t MaxHeapSize                              = 2120220672                                {product} {ergonomic}
   size_t MaxNewSize                               = 1271922688                                {product} {ergonomic}
   size_t MinHeapDeltaBytes                        = 1048576                                   {product} {ergonomic}
   size_t MinHeapSize                              = 8388608                                   {product} {ergonomic}
    uintx NonNMethodCodeHeapSize                   = 5839372                                {pd product} {ergonomic}
    uintx NonProfiledCodeHeapSize                  = 122909434                              {pd product} {ergonomic}
    uintx ProfiledCodeHeapSize                     = 122909434                              {pd product} {ergonomic}
    uintx ReservedCodeCacheSize                    = 251658240                              {pd product} {ergonomic}
     bool SegmentedCodeCache                       = true                                      {product} {ergonomic}
     bool ShowCodeDetailsInExceptionMessages       = true                                   {manageable} {command line}
   size_t SoftMaxHeapSize                          = 2120220672                             {manageable} {ergonomic}
     bool UseCompressedClassPointers               = true                           {product lp64_product} {ergonomic}
     bool UseCompressedOops                        = true                           {product lp64_product} {ergonomic}
     bool UseG1GC                                  = true                                      {product} {ergonomic}
     bool UseLargePagesIndividualAllocation        = false                                  {pd product} {ergonomic}

Logging:
Log output configuration:
 #0: stdout all=warning uptime,level,tags foldmultilines=false
 #1: stderr all=off uptime,level,tags foldmultilines=false

Environment Variables:
JAVA_HOME=C:\Program Files\Java\jdk-19
PATH=C:\Program Files\Common Files\Oracle\Java\javapath;C:\Windows\system32;C:\Windows;C:\Windows\System32\Wbem;C:\Windows\System32\WindowsPowerShell\v1.0\;C:\Windows\System32\OpenSSH\;C:\Program Files\Java\jdk-19\bin;C:\Program Files\Microsoft SQL Server\120\DTS\Binn\;C:\Program Files\Microsoft SQL Server\Client SDK\ODBC\110\Tools\Binn\;C:\Program Files (x86)\Microsoft SQL Server\120\Tools\Binn\;C:\Program Files\Microsoft SQL Server\120\Tools\Binn\;C:\Program Files (x86)\Microsoft SQL Server\120\Tools\Binn\ManagementStudio\;C:\Program Files (x86)\Microsoft SQL Server\120\DTS\Binn\;C:\Users\Admin\AppData\Local\Microsoft\WindowsApps;
USERNAME=Admin
OS=Windows_NT
PROCESSOR_IDENTIFIER=Intel64 Family 6 Model 94 Stepping 3, GenuineIntel
TMP=C:\Users\Admin\AppData\Local\Temp
TEMP=C:\Users\Admin\AppData\Local\Temp



---------------  S Y S T E M  ---------------

OS:
 Windows 10 , 64 bit Build 19041 (10.0.19041.3155)
OS uptime: 10 days 17:22 hours

CPU: total 8 (initial active 8) (4 cores per cpu, 2 threads per core) family 6 model 94 stepping 3 microcode 0xf0, cx8, cmov, fxsr, ht, mmx, 3dnowpref, sse, sse2, sse3, ssse3, sse4.1, sse4.2, popcnt, lzcnt, tsc, tscinvbit, avx, avx2, aes, erms, clmul, bmi1, bmi2, rtm, adx, fma, vzeroupper, clflush, clflushopt, rdtscp

Memory: 4k page, system-wide physical 8083M (284M free)
TotalPageFile size 25333M (AvailPageFile size 21M)
current process WorkingSet (physical memory assigned to process): 129M, peak: 129M
current process commit charge ("private bytes"): 260M, peak: 260M

vm_info: Java HotSpot(TM) 64-Bit Server VM (19.0.1+10-21) for windows-amd64 JRE (19.0.1+10-21), built on 2022-09-14T12:45:06Z by "mach5one" with MS VC++ 17.1 (VS2022)

END.
